This is XeTeX, Version 3.141592653-2.6-0.999993 (MiKTeX 21.8) (preloaded format=xelatex 2021.9.6)  23 NOV 2022 08:01
entering extended mode
**./Simulacion.tex
(Simulacion.tex
LaTeX2e <2021-06-01> patch level 1
L3 programming layer <2021-08-27> (C:\Program Files\MiKTeX 2.9\tex/latex/base\b
ook.cls
Document Class: book 2021/02/12 v1.4n Standard LaTeX document class
(C:\Program Files\MiKTeX 2.9\tex/latex/base\bk10.clo
File: bk10.clo 2021/02/12 v1.4n Standard LaTeX file (size option)
)
\c@part=\count178
\c@chapter=\count179
\c@section=\count180
\c@subsection=\count181
\c@subsubsection=\count182
\c@paragraph=\count183
\c@subparagraph=\count184
\c@figure=\count185
\c@table=\count186
\abovecaptionskip=\skip47
\belowcaptionskip=\skip48
\bibindent=\dimen138
) (C:\Program Files\MiKTeX 2.9\tex/latex/amsmath\amsmath.sty
Package: amsmath 2021/04/20 v2.17j AMS math features
\@mathmargin=\skip49
For additional information on amsmath, use the `?' option.
(C:\Program Files\MiKTeX 2.9\tex/latex/amsmath\amstext.sty
Package: amstext 2000/06/29 v2.01 AMS text
(C:\Program Files\MiKTeX 2.9\tex/latex/amsmath\amsgen.sty
File: amsgen.sty 1999/11/30 v2.0 generic functions
\@emptytoks=\toks16
\ex@=\dimen139
)) (C:\Program Files\MiKTeX 2.9\tex/latex/amsmath\amsbsy.sty
Package: amsbsy 1999/11/29 v1.2d Bold Symbols
\pmbraise@=\dimen140
) (C:\Program Files\MiKTeX 2.9\tex/latex/amsmath\amsopn.sty
Package: amsopn 2016/03/08 v2.02 operator names
)
\inf@bad=\count187
LaTeX Info: Redefining \frac on input line 234.
\uproot@=\count188
\leftroot@=\count189
LaTeX Info: Redefining \overline on input line 399.
\classnum@=\count190
\DOTSCASE@=\count191
LaTeX Info: Redefining \ldots on input line 496.
LaTeX Info: Redefining \dots on input line 499.
LaTeX Info: Redefining \cdots on input line 620.
\Mathstrutbox@=\box50
\strutbox@=\box51
\big@size=\dimen141
LaTeX Font Info:    Redeclaring font encoding OML on input line 743.
LaTeX Font Info:    Redeclaring font encoding OMS on input line 744.
\macc@depth=\count192
\c@MaxMatrixCols=\count193
\dotsspace@=\muskip16
\c@parentequation=\count194
\dspbrk@lvl=\count195
\tag@help=\toks17
\row@=\count196
\column@=\count197
\maxfields@=\count198
\andhelp@=\toks18
\eqnshift@=\dimen142
\alignsep@=\dimen143
\tagshift@=\dimen144
\tagwidth@=\dimen145
\totwidth@=\dimen146
\lineht@=\dimen147
\@envbody=\toks19
\multlinegap=\skip50
\multlinetaggap=\skip51
\mathdisplay@stack=\toks20
LaTeX Info: Redefining \[ on input line 2923.
LaTeX Info: Redefining \] on input line 2924.
) (C:\Program Files\MiKTeX 2.9\tex/latex/amsfonts\amssymb.sty
Package: amssymb 2013/01/14 v3.01 AMS font symbols
(C:\Program Files\MiKTeX 2.9\tex/latex/amsfonts\amsfonts.sty
Package: amsfonts 2013/01/14 v3.01 Basic AMSFonts support
\symAMSa=\mathgroup4
\symAMSb=\mathgroup5
LaTeX Font Info:    Redeclaring math symbol \hbar on input line 98.
LaTeX Font Info:    Overwriting math alphabet `\mathfrak' in version `bold'
(Font)                  U/euf/m/n --> U/euf/b/n on input line 106.
)) (C:\Program Files\MiKTeX 2.9\tex/latex/lm\lmodern.sty
Package: lmodern 2009/10/30 v1.6 Latin Modern Fonts
LaTeX Font Info:    Overwriting symbol font `operators' in version `normal'
(Font)                  OT1/cmr/m/n --> OT1/lmr/m/n on input line 22.
LaTeX Font Info:    Overwriting symbol font `letters' in version `normal'
(Font)                  OML/cmm/m/it --> OML/lmm/m/it on input line 23.
LaTeX Font Info:    Overwriting symbol font `symbols' in version `normal'
(Font)                  OMS/cmsy/m/n --> OMS/lmsy/m/n on input line 24.
LaTeX Font Info:    Overwriting symbol font `largesymbols' in version `normal'
(Font)                  OMX/cmex/m/n --> OMX/lmex/m/n on input line 25.
LaTeX Font Info:    Overwriting symbol font `operators' in version `bold'
(Font)                  OT1/cmr/bx/n --> OT1/lmr/bx/n on input line 26.
LaTeX Font Info:    Overwriting symbol font `letters' in version `bold'
(Font)                  OML/cmm/b/it --> OML/lmm/b/it on input line 27.
LaTeX Font Info:    Overwriting symbol font `symbols' in version `bold'
(Font)                  OMS/cmsy/b/n --> OMS/lmsy/b/n on input line 28.
LaTeX Font Info:    Overwriting symbol font `largesymbols' in version `bold'
(Font)                  OMX/cmex/m/n --> OMX/lmex/m/n on input line 29.
LaTeX Font Info:    Overwriting math alphabet `\mathbf' in version `normal'
(Font)                  OT1/cmr/bx/n --> OT1/lmr/bx/n on input line 31.
LaTeX Font Info:    Overwriting math alphabet `\mathsf' in version `normal'
(Font)                  OT1/cmss/m/n --> OT1/lmss/m/n on input line 32.
LaTeX Font Info:    Overwriting math alphabet `\mathit' in version `normal'
(Font)                  OT1/cmr/m/it --> OT1/lmr/m/it on input line 33.
LaTeX Font Info:    Overwriting math alphabet `\mathtt' in version `normal'
(Font)                  OT1/cmtt/m/n --> OT1/lmtt/m/n on input line 34.
LaTeX Font Info:    Overwriting math alphabet `\mathbf' in version `bold'
(Font)                  OT1/cmr/bx/n --> OT1/lmr/bx/n on input line 35.
LaTeX Font Info:    Overwriting math alphabet `\mathsf' in version `bold'
(Font)                  OT1/cmss/bx/n --> OT1/lmss/bx/n on input line 36.
LaTeX Font Info:    Overwriting math alphabet `\mathit' in version `bold'
(Font)                  OT1/cmr/bx/it --> OT1/lmr/bx/it on input line 37.
LaTeX Font Info:    Overwriting math alphabet `\mathtt' in version `bold'
(Font)                  OT1/cmtt/m/n --> OT1/lmtt/m/n on input line 38.
)
(C:\Users\ruben.fcasal\AppData\Roaming\MiKTeX\2.9\tex/generic/iftex\ifxetex.sty
Package: ifxetex 2019/10/25 v0.7 ifxetex legacy package. Use iftex instead.
(C:\Users\ruben.fcasal\AppData\Roaming\MiKTeX\2.9\tex/generic/iftex\iftex.sty
Package: iftex 2020/03/06 v1.0d TeX engine tests
))
(C:\Users\ruben.fcasal\AppData\Roaming\MiKTeX\2.9\tex/generic/iftex\ifluatex.st
y
Package: ifluatex 2019/10/25 v1.5 ifluatex legacy package. Use iftex instead.
)
(C:\Users\ruben.fcasal\AppData\Roaming\MiKTeX\2.9\tex/latex/unicode-math\unicod
e-math.sty (C:\Program Files\MiKTeX 2.9\tex/latex/l3kernel\expl3.sty
Package: expl3 2021-08-27 L3 programming layer (loader) 

(C:\Users\ruben.fcasal\AppData\Roaming\MiKTeX\2.9\tex/latex/l3backend\l3backend
-xetex.def
File: l3backend-xetex.def 2021-08-04 L3 backend support: XeTeX
()
\c__kernel_sys_dvipdfmx_version_int=\count199
\l__color_backend_stack_int=\count266
\g__color_backend_stack_int=\count267
\g__graphics_track_int=\count268
\l__pdf_internal_box=\box52
\g__pdf_backend_object_int=\count269
\g__pdf_backend_annotation_int=\count270
\g__pdf_backend_link_int=\count271
))
Package: unicode-math 2020/01/31 v0.8q Unicode maths in XeLaTeX and LuaLaTeX

(C:\Users\ruben.fcasal\AppData\Roaming\MiKTeX\2.9\tex/latex/unicode-math\unicod
e-math-xetex.sty
Package: unicode-math-xetex 2020/01/31 v0.8q Unicode maths in XeLaTeX and LuaLa
TeX
(C:\Program Files\MiKTeX 2.9\tex/latex/l3packages/xparse\xparse.sty
Package: xparse 2021-08-27 L3 Experimental document command parser
) (C:\Program Files\MiKTeX 2.9\tex/latex/l3packages/l3keys2e\l3keys2e.sty
Package: l3keys2e 2021-08-27 LaTeX2e option processing using LaTeX3 keys
) (C:\Program Files\MiKTeX 2.9\tex/latex/fontspec\fontspec.sty
Package: fontspec 2020/02/21 v2.7i Font selection for XeLaTeX and LuaLaTeX
(C:\Program Files\MiKTeX 2.9\tex/latex/fontspec\fontspec-xetex.sty
Package: fontspec-xetex 2020/02/21 v2.7i Font selection for XeLaTeX and LuaLaTe
X
\l__fontspec_script_int=\count272
\l__fontspec_language_int=\count273
\l__fontspec_strnum_int=\count274
\l__fontspec_tmp_int=\count275
\l__fontspec_tmpa_int=\count276
\l__fontspec_tmpb_int=\count277
\l__fontspec_tmpc_int=\count278
\l__fontspec_em_int=\count279
\l__fontspec_emdef_int=\count280
\l__fontspec_strong_int=\count281
\l__fontspec_strongdef_int=\count282
\l__fontspec_tmpa_dim=\dimen148
\l__fontspec_tmpb_dim=\dimen149
\l__fontspec_tmpc_dim=\dimen150
(C:\Program Files\MiKTeX 2.9\tex/latex/base\fontenc.sty
Package: fontenc 2021/04/29 v2.0v Standard LaTeX package
) (C:\Program Files\MiKTeX 2.9\tex/latex/fontspec\fontspec.cfg))) (C:\Program F
iles\MiKTeX 2.9\tex/latex/base\fix-cm.sty
Package: fix-cm 2020/11/24 v1.1t fixes to LaTeX
(C:\Program Files\MiKTeX 2.9\tex/latex/base\ts1enc.def
File: ts1enc.def 2001/06/05 v3.0e (jk/car/fm) Standard LaTeX file
LaTeX Font Info:    Redeclaring font encoding TS1 on input line 47.
))
\g__um_fam_int=\count283
\g__um_fonts_used_int=\count284
\l__um_primecount_int=\count285
\g__um_primekern_muskip=\muskip17

(C:\Users\ruben.fcasal\AppData\Roaming\MiKTeX\2.9\tex/latex/unicode-math\unicod
e-math-table.tex)))
(C:\Users\ruben.fcasal\AppData\Roaming\MiKTeX\2.9\tex/latex/upquote\upquote.sty
Package: upquote 2012/04/19 v1.3 upright-quote and grave-accent glyphs in verba
tim
(C:\Program Files\MiKTeX 2.9\tex/latex/base\textcomp.sty
Package: textcomp 2020/02/02 v2.0n Standard LaTeX package
))
(C:\Users\ruben.fcasal\AppData\Roaming\MiKTeX\2.9\tex/latex/microtype\microtype
.sty
Package: microtype 2021/03/14 v2.8c Micro-typographical refinements (RS)
(C:\Program Files\MiKTeX 2.9\tex/latex/graphics\keyval.sty
Package: keyval 2014/10/28 v1.15 key=value parser (DPC)
\KV@toks@=\toks21
)
\MT@toks=\toks22
\MT@count=\count286
LaTeX Info: Redefining \textls on input line 790.
\MT@outer@kern=\dimen151
LaTeX Info: Redefining \textmicrotypecontext on input line 1374.
\MT@listname@count=\count287

(C:\Users\ruben.fcasal\AppData\Roaming\MiKTeX\2.9\tex/latex/microtype\microtype
-xetex.def
File: microtype-xetex.def 2021/03/14 v2.8c Definitions specific to xetex (RS)
LaTeX Info: Redefining \lsstyle on input line 254.
)
Package microtype Info: Loading configuration file microtype.cfg.

(C:\Users\ruben.fcasal\AppData\Roaming\MiKTeX\2.9\tex/latex/microtype\microtype
.cfg
File: microtype.cfg 2021/03/14 v2.8c microtype main configuration file (RS)
))
(C:\Users\ruben.fcasal\AppData\Roaming\MiKTeX\2.9\tex/latex/parskip\parskip.sty
Package: parskip 2021-03-14 v2.0h non-zero parskip adjustments

(C:\Users\ruben.fcasal\AppData\Roaming\MiKTeX\2.9\tex/latex/kvoptions\kvoptions
.sty
Package: kvoptions 2020-10-07 v3.14 Key value format for package options (HO)

(C:\Users\ruben.fcasal\AppData\Roaming\MiKTeX\2.9\tex/generic/ltxcmds\ltxcmds.s
ty
Package: ltxcmds 2020-05-10 v1.25 LaTeX kernel commands for general use (HO)
)
(C:\Users\ruben.fcasal\AppData\Roaming\MiKTeX\2.9\tex/generic/kvsetkeys\kvsetke
ys.sty
Package: kvsetkeys 2019/12/15 v1.18 Key value parser (HO)
))
(C:\Users\ruben.fcasal\AppData\Roaming\MiKTeX\2.9\tex/latex/etoolbox\etoolbox.s
ty
Package: etoolbox 2020/10/05 v2.5k e-TeX tools for LaTeX (JAW)
\etb@tempcnta=\count288
)) (C:\Users\ruben.fcasal\AppData\Roaming\MiKTeX\2.9\tex/latex/xcolor\xcolor.st
y
Package: xcolor 2016/05/11 v2.12 LaTeX color extensions (UK)
(C:\Program Files\MiKTeX 2.9\tex/latex/graphics-cfg\color.cfg
File: color.cfg 2016/01/02 v1.6 sample color configuration
)
Package xcolor Info: Driver file: xetex.def on input line 225.
(C:\Program Files\MiKTeX 2.9\tex/latex/graphics-def\xetex.def
File: xetex.def 2021/03/18 v5.0k Graphics/color driver for xetex
)
Package xcolor Info: Model `cmy' substituted by `cmy0' on input line 1348.
Package xcolor Info: Model `RGB' extended on input line 1364.
Package xcolor Info: Model `HTML' substituted by `rgb' on input line 1366.
Package xcolor Info: Model `Hsb' substituted by `hsb' on input line 1367.
Package xcolor Info: Model `tHsb' substituted by `hsb' on input line 1368.
Package xcolor Info: Model `HSB' substituted by `hsb' on input line 1369.
Package xcolor Info: Model `Gray' substituted by `gray' on input line 1370.
Package xcolor Info: Model `wave' substituted by `hsb' on input line 1371.
) (C:\Users\ruben.fcasal\AppData\Roaming\MiKTeX\2.9\tex/latex/xurl\xurl.sty
Package: xurl 2020/12/30 v 0.09a modify URL breaks
(C:\Users\ruben.fcasal\AppData\Roaming\MiKTeX\2.9\tex/latex/url\url.sty
\Urlmuskip=\muskip18
Package: url 2013/09/16  ver 3.4  Verb mode for urls, etc.
))
(C:\Users\ruben.fcasal\AppData\Roaming\MiKTeX\2.9\tex/latex/bookmark\bookmark.s
ty
Package: bookmark 2020-11-06 v1.29 PDF bookmarks (HO)
(C:\Program Files\MiKTeX 2.9\tex/latex/hyperref\hyperref.sty
Package: hyperref 2021-06-07 v7.00m Hypertext links for LaTeX

(C:\Users\ruben.fcasal\AppData\Roaming\MiKTeX\2.9\tex/generic/pdftexcmds\pdftex
cmds.sty
Package: pdftexcmds 2020-06-27 v0.33 Utility functions of pdfTeX for LuaTeX (HO
)

(C:\Users\ruben.fcasal\AppData\Roaming\MiKTeX\2.9\tex/generic/infwarerr\infware
rr.sty
Package: infwarerr 2019/12/03 v1.5 Providing info/warning/error messages (HO)
)
Package pdftexcmds Info: \pdf@primitive is available.
Package pdftexcmds Info: \pdf@ifprimitive is available.
Package pdftexcmds Info: \pdfdraftmode not found.
)
(C:\Users\ruben.fcasal\AppData\Roaming\MiKTeX\2.9\tex/generic/kvdefinekeys\kvde
finekeys.sty
Package: kvdefinekeys 2019-12-19 v1.6 Define keys (HO)
)
(C:\Users\ruben.fcasal\AppData\Roaming\MiKTeX\2.9\tex/generic/pdfescape\pdfesca
pe.sty
Package: pdfescape 2019/12/09 v1.15 Implements pdfTeX's escape features (HO)
)
(C:\Users\ruben.fcasal\AppData\Roaming\MiKTeX\2.9\tex/latex/hycolor\hycolor.sty
Package: hycolor 2020-01-27 v1.10 Color options for hyperref/bookmark (HO)
)
(C:\Users\ruben.fcasal\AppData\Roaming\MiKTeX\2.9\tex/latex/letltxmacro\letltxm
acro.sty
Package: letltxmacro 2019/12/03 v1.6 Let assignment for LaTeX macros (HO)
)
(C:\Users\ruben.fcasal\AppData\Roaming\MiKTeX\2.9\tex/latex/auxhook\auxhook.sty
Package: auxhook 2019-12-17 v1.6 Hooks for auxiliary files (HO)
)
\@linkdim=\dimen152
\Hy@linkcounter=\count289
\Hy@pagecounter=\count290
(C:\Program Files\MiKTeX 2.9\tex/latex/hyperref\pd1enc.def
File: pd1enc.def 2021-06-07 v7.00m Hyperref: PDFDocEncoding definition (HO)
) (C:\Program Files\MiKTeX 2.9\tex/latex/hyperref\hyperref-langpatches.def
File: hyperref-langpatches.def 2021-06-07 v7.00m Hyperref: patches for babel la
nguages
)
(C:\Users\ruben.fcasal\AppData\Roaming\MiKTeX\2.9\tex/generic/intcalc\intcalc.s
ty
Package: intcalc 2019/12/15 v1.3 Expandable calculations with integers (HO)
)
(C:\Users\ruben.fcasal\AppData\Roaming\MiKTeX\2.9\tex/generic/etexcmds\etexcmds
.sty
Package: etexcmds 2019/12/15 v1.7 Avoid name clashes with e-TeX commands (HO)
)
\Hy@SavedSpaceFactor=\count291
(C:\Program Files\MiKTeX 2.9\tex/latex/hyperref\puenc.def
File: puenc.def 2021-06-07 v7.00m Hyperref: PDF Unicode definition (HO)
)
Package hyperref Info: Option `unicode' set `true' on input line 4073.
Package hyperref Info: Hyper figures OFF on input line 4192.
Package hyperref Info: Link nesting OFF on input line 4197.
Package hyperref Info: Hyper index ON on input line 4200.
Package hyperref Info: Plain pages OFF on input line 4207.
Package hyperref Info: Backreferencing OFF on input line 4212.
Package hyperref Info: Implicit mode ON; LaTeX internals redefined.
Package hyperref Info: Bookmarks ON on input line 4445.
\c@Hy@tempcnt=\count292
LaTeX Info: Redefining \url on input line 4804.
\XeTeXLinkMargin=\dimen153

(C:\Users\ruben.fcasal\AppData\Roaming\MiKTeX\2.9\tex/generic/bitset\bitset.sty
Package: bitset 2019/12/09 v1.3 Handle bit-vector datatype (HO)

(C:\Users\ruben.fcasal\AppData\Roaming\MiKTeX\2.9\tex/generic/bigintcalc\bigint
calc.sty
Package: bigintcalc 2019/12/15 v1.5 Expandable calculations on big integers (HO
)
))
\Fld@menulength=\count293
\Field@Width=\dimen154
\Fld@charsize=\dimen155
Package hyperref Info: Hyper figures OFF on input line 6076.
Package hyperref Info: Link nesting OFF on input line 6081.
Package hyperref Info: Hyper index ON on input line 6084.
Package hyperref Info: backreferencing OFF on input line 6091.
Package hyperref Info: Link coloring OFF on input line 6096.
Package hyperref Info: Link coloring with OCG OFF on input line 6101.
Package hyperref Info: PDF/A mode OFF on input line 6106.
LaTeX Info: Redefining \ref on input line 6146.
LaTeX Info: Redefining \pageref on input line 6150.
(C:\Program Files\MiKTeX 2.9\tex/latex/base\atbegshi-ltx.sty
Package: atbegshi-ltx 2021/01/10 v1.0c Emulation of the original atbegshi
package with kernel methods
)
\Hy@abspage=\count294
\c@Item=\count295
\c@Hfootnote=\count296
)
Package hyperref Info: Driver (autodetected): hxetex.
(C:\Program Files\MiKTeX 2.9\tex/latex/hyperref\hxetex.def
File: hxetex.def 2021-06-07 v7.00m Hyperref driver for XeTeX

(C:\Users\ruben.fcasal\AppData\Roaming\MiKTeX\2.9\tex/generic/stringenc\stringe
nc.sty
Package: stringenc 2019/11/29 v1.12 Convert strings between diff. encodings (HO
)
)
\pdfm@box=\box53
\c@Hy@AnnotLevel=\count297
\HyField@AnnotCount=\count298
\Fld@listcount=\count299
\c@bookmark@seq@number=\count300

(C:\Users\ruben.fcasal\AppData\Roaming\MiKTeX\2.9\tex/latex/rerunfilecheck\reru
nfilecheck.sty
Package: rerunfilecheck 2019/12/05 v1.9 Rerun checks for auxiliary files (HO)
(C:\Program Files\MiKTeX 2.9\tex/latex/base\atveryend-ltx.sty
Package: atveryend-ltx 2020/08/19 v1.0a Emulation of the original atvery packag
e
with kernel methods
)
(C:\Users\ruben.fcasal\AppData\Roaming\MiKTeX\2.9\tex/generic/uniquecounter\uni
quecounter.sty
Package: uniquecounter 2019/12/15 v1.4 Provide unlimited unique counter (HO)
)
Package uniquecounter Info: New unique counter `rerunfilecheck' on input line 2
86.
)
\Hy@SectionHShift=\skip52
)
(C:\Users\ruben.fcasal\AppData\Roaming\MiKTeX\2.9\tex/latex/bookmark\bkm-dvipdf
m.def
File: bkm-dvipdfm.def 2020-11-06 v1.29 bookmark driver for dvipdfm (HO)
\BKM@id=\count301
))
(C:\Users\ruben.fcasal\AppData\Roaming\MiKTeX\2.9\tex/latex/fancyvrb\fancyvrb.s
ty
Package: fancyvrb 2021/08/12 v3.8 verbatim text (tvz,hv)
\FV@CodeLineNo=\count302
\FV@InFile=\read2
\FV@TabBox=\box54
\c@FancyVerbLine=\count303
\FV@StepNumber=\count304
\FV@OutFile=\write3
) (C:\Users\ruben.fcasal\AppData\Roaming\MiKTeX\2.9\tex/latex/framed\framed.sty
Package: framed 2011/10/22 v 0.96: framed or shaded text with page breaks
\OuterFrameSep=\skip53
\fb@frw=\dimen156
\fb@frh=\dimen157
\FrameRule=\dimen158
\FrameSep=\dimen159
)
(C:\Users\ruben.fcasal\AppData\Roaming\MiKTeX\2.9\tex/latex/tools\longtable.sty
Package: longtable 2021-05-07 v4.16 Multi-page Table package (DPC)
\LTleft=\skip54
\LTright=\skip55
\LTpre=\skip56
\LTpost=\skip57
\LTchunksize=\count305
\LTcapwidth=\dimen160
\LT@head=\box55
\LT@firsthead=\box56
\LT@foot=\box57
\LT@lastfoot=\box58
\LT@gbox=\box59
\LT@cols=\count306
\LT@rows=\count307
\c@LT@tables=\count308
\c@LT@chunks=\count309
\LT@p@ftn=\toks23
)
(C:\Users\ruben.fcasal\AppData\Roaming\MiKTeX\2.9\tex/latex/booktabs\booktabs.s
ty
Package: booktabs 2020/01/12 v1.61803398 Publication quality tables
\heavyrulewidth=\dimen161
\lightrulewidth=\dimen162
\cmidrulewidth=\dimen163
\belowrulesep=\dimen164
\belowbottomsep=\dimen165
\aboverulesep=\dimen166
\abovetopsep=\dimen167
\cmidrulesep=\dimen168
\cmidrulekern=\dimen169
\defaultaddspace=\dimen170
\@cmidla=\count310
\@cmidlb=\count311
\@aboverulesep=\dimen171
\@belowrulesep=\dimen172
\@thisruleclass=\count312
\@lastruleclass=\count313
\@thisrulewidth=\dimen173
) (C:\Users\ruben.fcasal\AppData\Roaming\MiKTeX\2.9\tex/latex/tools\array.sty
Package: array 2021/04/20 v2.5e Tabular extension package (FMi)
\col@sep=\dimen174
\ar@mcellbox=\box60
\extrarowheight=\dimen175
\NC@list=\toks24
\extratabsurround=\skip58
\backup@length=\skip59
\ar@cellbox=\box61
) (C:\Users\ruben.fcasal\AppData\Roaming\MiKTeX\2.9\tex/latex/tools\calc.sty
Package: calc 2017/05/25 v4.3 Infix arithmetic (KKT,FJ)
\calc@Acount=\count314
\calc@Bcount=\count315
\calc@Adimen=\dimen176
\calc@Bdimen=\dimen177
\calc@Askip=\skip60
\calc@Bskip=\skip61
LaTeX Info: Redefining \setlength on input line 80.
LaTeX Info: Redefining \addtolength on input line 81.
\calc@Ccount=\count316
\calc@Cskip=\skip62
)
(C:\Users\ruben.fcasal\AppData\Roaming\MiKTeX\2.9\tex/latex/footnotehyper\footn
otehyper.sty
Package: footnotehyper 2021/02/04 v1.1d hyperref aware footnote.sty (JFB)
\FNH@notes=\box62
\FNH@width=\dimen178
\FNH@toks=\toks25
) (C:\Program Files\MiKTeX 2.9\tex/latex/graphics\graphicx.sty
Package: graphicx 2020/12/05 v1.2c Enhanced LaTeX Graphics (DPC,SPQR)
(C:\Program Files\MiKTeX 2.9\tex/latex/graphics\graphics.sty
Package: graphics 2021/03/04 v1.4d Standard LaTeX Graphics (DPC,SPQR)
(C:\Program Files\MiKTeX 2.9\tex/latex/graphics\trig.sty
Package: trig 2016/01/03 v1.10 sin cos tan (DPC)
) (C:\Program Files\MiKTeX 2.9\tex/latex/graphics-cfg\graphics.cfg
File: graphics.cfg 2016/06/04 v1.11 sample graphics configuration
)
Package graphics Info: Driver file: xetex.def on input line 107.
)
\Gin@req@height=\dimen179
\Gin@req@width=\dimen180
) (C:\Program Files\MiKTeX 2.9\tex/latex/geometry\geometry.sty
Package: geometry 2020/01/02 v5.9 Page Geometry
(C:\Users\ruben.fcasal\AppData\Roaming\MiKTeX\2.9\tex/generic/iftex\ifvtex.sty
Package: ifvtex 2019/10/25 v1.7 ifvtex legacy package. Use iftex instead.
)
\Gm@cnth=\count317
\Gm@cntv=\count318
\c@Gm@tempcnt=\count319
\Gm@bindingoffset=\dimen181
\Gm@wd@mp=\dimen182
\Gm@odd@mp=\dimen183
\Gm@even@mp=\dimen184
\Gm@layoutwidth=\dimen185
\Gm@layoutheight=\dimen186
\Gm@layouthoffset=\dimen187
\Gm@layoutvoffset=\dimen188
\Gm@dimlist=\toks26
(C:\Program Files\MiKTeX 2.9\tex/latex/geometry\geometry.cfg)) (C:\Program File
s\MiKTeX 2.9\tex/latex/ntheorem\ntheorem.sty
Style `ntheorem', Version 1.33 <2011/08/15>
Package: ntheorem 2011/08/15 1.33
(C:\Program Files\MiKTeX 2.9\tex/latex/base\ifthen.sty
Package: ifthen 2020/11/24 v1.1c Standard LaTeX ifthen package (DPC)
)
\theorem@style=\toks27
\theorem@@style=\toks28
\theorembodyfont=\toks29
\theoremnumbering=\toks30
\theorempreskipamount=\skip63
\theorempostskipamount=\skip64
\theoremframepreskipamount=\skip65
\theoremframepostskipamount=\skip66
\theoreminframepreskipamount=\skip67
\theoreminframepostskipamount=\skip68
\theorem@preskip=\toks31
\theorem@postskip=\toks32
\theorem@framepreskip=\toks33
\theorem@framepostskip=\toks34
\theorem@inframepreskip=\toks35
\theorem@inframepostskip=\toks36
\theoremindent=\dimen189
\theorem@indent=\dimen190
\theoremrightindent=\dimen191
\theorem@rightindent=\dimen192
\theoremheaderfont=\toks37
\theoremseparator=\toks38
\theoremprework=\toks39
\theorempostwork=\toks40
\theoremsymbol=\toks41
\qedsymbol=\toks42
\theoremkeyword=\toks43
\qedsymbol=\toks44
\thm@topsep=\skip69
\thm@topsepadd=\skip70
)
\c@theorem=\count320
\c@conjecture=\count321
\c@lemma=\count322
\c@corollary=\count323
\c@proposition=\count324
\c@definition=\count325
\c@hypothesis=\count326
\c@exercise=\count327
\c@example=\count328
\c@remark=\count329
\c@solution=\count330
\c@proof=\count331
(C:\Program Files\MiKTeX 2.9\tex/latex/polyglossia\polyglossia.sty
Package: polyglossia 2021/04/12 v1.53 Modern multilingual typesetting with XeLa
TeX and LuaLaTeX

(C:\Users\ruben.fcasal\AppData\Roaming\MiKTeX\2.9\tex/latex/makecmds\makecmds.s
ty
Package: makecmds 2009/09/03 v1.0a extra command making commands
) (C:\Program Files\MiKTeX 2.9\tex/latex/xkeyval\xkeyval.sty
Package: xkeyval 2020/11/20 v2.8 package option processing (HA)
(C:\Program Files\MiKTeX 2.9\tex/generic/xkeyval\xkeyval.tex (C:\Program Files\
MiKTeX 2.9\tex/generic/xkeyval\xkvutils.tex
\XKV@toks=\toks45
\XKV@tempa@toks=\toks46
)
\XKV@depth=\count332
File: xkeyval.tex 2014/12/03 v2.7a key=value parser (HA)
))
\xpg@normalclass=\XeTeXcharclass1
(C:\Program Files\MiKTeX 2.9\tex/latex/polyglossia\gloss-latex.ldf
File: gloss-latex.ldf polyglossia: module for default language
The property list \polyglossia@langsetup contains the pairs (without outer
braces):
>  {latex/script}  =>  {latin}
>  {latex/lcscript}  =>  {latin}
>  {latex/scripttag}  =>  {}
>  {latex/language}  =>  {Latex}
>  {latex/langtag}  =>  {ENG}
>  {latex/bcp47}  =>  {}
>  {latex/hyphennames}  =>  {english}
>  {latex/direction}  =>  {LR}
>  {latex/hyphenmins}  =>  {2,3}
>  {latex/frenchspacing}  =>  {false}
>  {latex/indentfirst}  =>  {false}
>  {latex/fontsetup}  =>  {true}
>  {latex/envname}  =>  {latex}
>  {latex/babelname}  =>  {latex}
>  {latex/localnumeral}  =>  {polyglossia@C@localnumeral}
>  {latex/Localnumeral}  =>  {polyglossia@C@localnumeral}.
)
Package polyglossia Info: Default language is latex.
) (C:\Program Files\MiKTeX 2.9\tex/latex/polyglossia\gloss-spanish.ldf
File: gloss-spanish.ldf polyglossia: module for spanish
The property list \polyglossia@langsetup contains the pairs (without outer
braces):
>  {latex/script}  =>  {latin}
>  {latex/lcscript}  =>  {latin}
>  {latex/scripttag}  =>  {}
>  {latex/language}  =>  {Latex}
>  {latex/langtag}  =>  {ENG}
>  {latex/bcp47}  =>  {}
>  {latex/hyphennames}  =>  {english}
>  {latex/direction}  =>  {LR}
>  {latex/hyphenmins}  =>  {2,3}
>  {latex/frenchspacing}  =>  {false}
>  {latex/indentfirst}  =>  {false}
>  {latex/fontsetup}  =>  {true}
>  {latex/envname}  =>  {latex}
>  {latex/babelname}  =>  {latex}
>  {latex/localnumeral}  =>  {polyglossia@C@localnumeral}
>  {latex/Localnumeral}  =>  {polyglossia@C@localnumeral}
>  {spanish/script}  =>  {latin}
>  {spanish/lcscript}  =>  {latin}
>  {spanish/scripttag}  =>  {}
>  {spanish/language}  =>  {Spanish}
>  {spanish/langtag}  =>  {ESP}
>  {spanish/bcp47}  =>  {es-ES}
>  {spanish/hyphennames}  =>  {spanish}
>  {spanish/direction}  =>  {LR}
>  {spanish/hyphenmins}  =>  {2,2}
>  {spanish/frenchspacing}  =>  {true}
>  {spanish/indentfirst}  =>  {true}
>  {spanish/fontsetup}  =>  {true}
>  {spanish/envname}  =>  {spanish}
>  {spanish/babelname}  =>  {spanish}
>  {spanish/localnumeral}  =>  {polyglossia@C@localnumeral}
>  {spanish/Localnumeral}  =>  {polyglossia@C@localnumeral}
>  {spanish/totalhyphenmin}  =>  {5}.
Package polyglossia Info: Option: spanish, variant=spanish.
Package polyglossia Info: Option: Spanish, spanishoperators=none.
)
Package polyglossia Info: Default language is spanish.
(C:\Users\ruben.fcasal\AppData\Roaming\MiKTeX\2.9\tex/latex/natbib\natbib.sty
Package: natbib 2010/09/13 8.31b (PWD, AO)
\bibhang=\skip71
\bibsep=\skip72
LaTeX Info: Redefining \cite on input line 694.
\c@NAT@ctr=\count333
) (Simulacion.aux
LaTeX Info: Redefining \rmfamily on input line 20.
LaTeX Info: Redefining \sffamily on input line 20.
LaTeX Info: Redefining \ttfamily on input line 20.
)
\openout1 = `Simulacion.aux'.

LaTeX Font Info:    Checking defaults for OML/cmm/m/it on input line 183.
LaTeX Font Info:    ... okay on input line 183.
LaTeX Font Info:    Checking defaults for OMS/cmsy/m/n on input line 183.
LaTeX Font Info:    ... okay on input line 183.
LaTeX Font Info:    Checking defaults for OT1/cmr/m/n on input line 183.
LaTeX Font Info:    ... okay on input line 183.
LaTeX Font Info:    Checking defaults for T1/cmr/m/n on input line 183.
LaTeX Font Info:    ... okay on input line 183.
LaTeX Font Info:    Checking defaults for TS1/cmr/m/n on input line 183.
LaTeX Font Info:    ... okay on input line 183.
LaTeX Font Info:    Checking defaults for TU/lmr/m/n on input line 183.
LaTeX Font Info:    ... okay on input line 183.
LaTeX Font Info:    Checking defaults for OMX/cmex/m/n on input line 183.
LaTeX Font Info:    ... okay on input line 183.
LaTeX Font Info:    Checking defaults for U/cmr/m/n on input line 183.
LaTeX Font Info:    ... okay on input line 183.
LaTeX Font Info:    Checking defaults for PD1/pdf/m/n on input line 183.
LaTeX Font Info:    ... okay on input line 183.
LaTeX Font Info:    Checking defaults for PU/pdf/m/n on input line 183.
LaTeX Font Info:    ... okay on input line 183.
LaTeX Font Info:    Overwriting math alphabet `\mathrm' in version `normal'
(Font)                  OT1/lmr/m/n --> TU/lmr/m/n on input line 183.
LaTeX Font Info:    Overwriting math alphabet `\mathit' in version `normal'
(Font)                  OT1/lmr/m/it --> TU/lmr/m/it on input line 183.
LaTeX Font Info:    Overwriting math alphabet `\mathbf' in version `normal'
(Font)                  OT1/lmr/bx/n --> TU/lmr/bx/n on input line 183.
LaTeX Font Info:    Overwriting math alphabet `\mathsf' in version `normal'
(Font)                  OT1/lmss/m/n --> TU/lmss/m/n on input line 183.
LaTeX Font Info:    Overwriting math alphabet `\mathsf' in version `bold'
(Font)                  OT1/lmss/bx/n --> TU/lmss/bx/n on input line 183.
LaTeX Font Info:    Overwriting math alphabet `\mathtt' in version `normal'
(Font)                  OT1/lmtt/m/n --> TU/lmtt/m/n on input line 183.
LaTeX Font Info:    Overwriting math alphabet `\mathtt' in version `bold'
(Font)                  OT1/lmtt/m/n --> TU/lmtt/bx/n on input line 183.

Package fontspec Info: latinmodern-math scale = 0.9999964596882403.


Package fontspec Info: latinmodern-math scale = 0.9999964596882403.


Package fontspec Info: latinmodern-math scale = 0.9999964596882403.


Package fontspec Info: Font family 'latinmodern-math.otf(0)' created for font
(fontspec)             'latinmodern-math.otf' with options
(fontspec)             [Scale=MatchLowercase,BoldItalicFont={},ItalicFont={},Sm
allCapsFont={},Script=Math,BoldFont={latinmodern-math.otf}].
(fontspec)              
(fontspec)              This font family consists of the following NFSS
(fontspec)             series/shapes:
(fontspec)              
(fontspec)             - 'normal' (m/n) with NFSS spec.:
(fontspec)             <->s*[0.9999964596882403]"[latinmodern-math.otf]/OT:scri
pt=math;language=dflt;"
(fontspec)             - 'small caps'  (m/sc) with NFSS spec.: 
(fontspec)             - 'bold' (b/n) with NFSS spec.:
(fontspec)             <->s*[0.9999964596882403]"[latinmodern-math.otf]/OT:scri
pt=math;language=dflt;"
(fontspec)             - 'bold small caps'  (b/sc) with NFSS spec.: 

LaTeX Font Info:    Font shape `TU/latinmodern-math.otf(0)/m/n' will be
(Font)              scaled to size 10.0pt on input line 183.

Package fontspec Info: latinmodern-math scale = 0.9999964596882403.


Package fontspec Info: latinmodern-math scale = 0.9999964596882403.


Package fontspec Info: latinmodern-math scale = 0.9999964596882403.


Package fontspec Info: latinmodern-math scale = 0.9999964596882403.


Package fontspec Info: latinmodern-math scale = 0.9999964596882403.


Package fontspec Info: Font family 'latinmodern-math.otf(1)' created for font
(fontspec)             'latinmodern-math.otf' with options
(fontspec)             [Scale=MatchLowercase,BoldItalicFont={},ItalicFont={},Sm
allCapsFont={},Script=Math,SizeFeatures={{Size=8.5-},{Size=6-8.5,Font=latinmode
rn-math.otf,Style=MathScript},{Size=-6,Font=latinmodern-math.otf,Style=MathScri
ptScript}},BoldFont={latinmodern-math.otf}].
(fontspec)              
(fontspec)              This font family consists of the following NFSS
(fontspec)             series/shapes:
(fontspec)              
(fontspec)             - 'normal' (m/n) with NFSS spec.:
(fontspec)             <8.5->s*[0.9999964596882403]"[latinmodern-math.otf]/OT:s
cript=math;language=dflt;"<6-8.5>s*[0.9999964596882403]"[latinmodern-math.otf]/
OT:script=math;language=dflt;+ssty=0;"<-6>s*[0.9999964596882403]"[latinmodern-m
ath.otf]/OT:script=math;language=dflt;+ssty=1;"
(fontspec)             - 'small caps'  (m/sc) with NFSS spec.: 
(fontspec)             - 'bold' (b/n) with NFSS spec.:
(fontspec)             <->s*[0.9999964596882403]"[latinmodern-math.otf]/OT:scri
pt=math;language=dflt;"
(fontspec)             - 'bold small caps'  (b/sc) with NFSS spec.: 

LaTeX Font Info:    Font shape `TU/latinmodern-math.otf(1)/m/n' will be
(Font)              scaled to size 10.0pt on input line 183.
LaTeX Font Info:    Encoding `OT1' has changed to `TU' for symbol font
(Font)              `operators' in the math version `normal' on input line 183.

LaTeX Font Info:    Overwriting symbol font `operators' in version `normal'
(Font)                  OT1/lmr/m/n --> TU/latinmodern-math.otf(1)/m/n on input
 line 183.
LaTeX Font Info:    Encoding `OT1' has changed to `TU' for symbol font
(Font)              `operators' in the math version `bold' on input line 183.
LaTeX Font Info:    Overwriting symbol font `operators' in version `bold'
(Font)                  OT1/lmr/bx/n --> TU/latinmodern-math.otf(1)/b/n on inpu
t line 183.

Package fontspec Info: latinmodern-math scale = 0.9999964596882403.


Package fontspec Info: latinmodern-math scale = 1.000096459334209.


Package fontspec Info: latinmodern-math scale = 0.9999964596882403.


Package fontspec Info: latinmodern-math scale = 1.000096459334209.


Package fontspec Info: latinmodern-math scale = 0.9999964596882403.


Package fontspec Info: latinmodern-math scale = 1.000096459334209.


Package fontspec Info: latinmodern-math scale = 0.9999964596882403.


Package fontspec Info: latinmodern-math scale = 1.000096459334209.


Package fontspec Info: latinmodern-math scale = 0.9999964596882403.


Package fontspec Info: latinmodern-math scale = 1.000096459334209.


Package fontspec Info: Font family 'latinmodern-math.otf(2)' created for font
(fontspec)             'latinmodern-math.otf' with options
(fontspec)             [Scale=MatchLowercase,BoldItalicFont={},ItalicFont={},Sm
allCapsFont={},Script=Math,SizeFeatures={{Size=8.5-},{Size=6-8.5,Font=latinmode
rn-math.otf,Style=MathScript},{Size=-6,Font=latinmodern-math.otf,Style=MathScri
ptScript}},BoldFont={latinmodern-math.otf},ScaleAgain=1.0001,FontAdjustment={\f
ontdimen
(fontspec)             8\font =6.77pt\relax \fontdimen 9\font =3.94pt\relax
(fontspec)             \fontdimen 10\font =4.44pt\relax \fontdimen 11\font
(fontspec)             =6.86pt\relax \fontdimen 12\font =3.45pt\relax
(fontspec)             \fontdimen 13\font =3.63pt\relax \fontdimen 14\font
(fontspec)             =3.63pt\relax \fontdimen 15\font =2.89pt\relax
(fontspec)             \fontdimen 16\font =2.47pt\relax \fontdimen 17\font
(fontspec)             =2.47pt\relax \fontdimen 18\font =2.5pt\relax
(fontspec)             \fontdimen 19\font =2.0pt\relax \fontdimen 22\font
(fontspec)             =2.5pt\relax \fontdimen 20\font =0pt\relax \fontdimen
(fontspec)             21\font =0pt\relax }].
(fontspec)              
(fontspec)              This font family consists of the following NFSS
(fontspec)             series/shapes:
(fontspec)              
(fontspec)             - 'normal' (m/n) with NFSS spec.:
(fontspec)             <8.5->s*[1.000096459334209]"[latinmodern-math.otf]/OT:sc
ript=math;language=dflt;"<6-8.5>s*[1.000096459334209]"[latinmodern-math.otf]/OT
:script=math;language=dflt;+ssty=0;"<-6>s*[1.000096459334209]"[latinmodern-math
.otf]/OT:script=math;language=dflt;+ssty=1;"
(fontspec)             - 'small caps'  (m/sc) with NFSS spec.: 
(fontspec)             and font adjustment code:
(fontspec)             \fontdimen 8\font =6.77pt\relax \fontdimen 9\font
(fontspec)             =3.94pt\relax \fontdimen 10\font =4.44pt\relax
(fontspec)             \fontdimen 11\font =6.86pt\relax \fontdimen 12\font
(fontspec)             =3.45pt\relax \fontdimen 13\font =3.63pt\relax
(fontspec)             \fontdimen 14\font =3.63pt\relax \fontdimen 15\font
(fontspec)             =2.89pt\relax \fontdimen 16\font =2.47pt\relax
(fontspec)             \fontdimen 17\font =2.47pt\relax \fontdimen 18\font
(fontspec)             =2.5pt\relax \fontdimen 19\font =2.0pt\relax \fontdimen
(fontspec)             22\font =2.5pt\relax \fontdimen 20\font =0pt\relax
(fontspec)             \fontdimen 21\font =0pt\relax 
(fontspec)             - 'bold' (b/n) with NFSS spec.:
(fontspec)             <->s*[1.000096459334209]"[latinmodern-math.otf]/OT:scrip
t=math;language=dflt;"
(fontspec)             - 'bold small caps'  (b/sc) with NFSS spec.: 
(fontspec)             and font adjustment code:
(fontspec)             \fontdimen 8\font =6.77pt\relax \fontdimen 9\font
(fontspec)             =3.94pt\relax \fontdimen 10\font =4.44pt\relax
(fontspec)             \fontdimen 11\font =6.86pt\relax \fontdimen 12\font
(fontspec)             =3.45pt\relax \fontdimen 13\font =3.63pt\relax
(fontspec)             \fontdimen 14\font =3.63pt\relax \fontdimen 15\font
(fontspec)             =2.89pt\relax \fontdimen 16\font =2.47pt\relax
(fontspec)             \fontdimen 17\font =2.47pt\relax \fontdimen 18\font
(fontspec)             =2.5pt\relax \fontdimen 19\font =2.0pt\relax \fontdimen
(fontspec)             22\font =2.5pt\relax \fontdimen 20\font =0pt\relax
(fontspec)             \fontdimen 21\font =0pt\relax 

LaTeX Font Info:    Encoding `OMS' has changed to `TU' for symbol font
(Font)              `symbols' in the math version `normal' on input line 183.
LaTeX Font Info:    Overwriting symbol font `symbols' in version `normal'
(Font)                  OMS/lmsy/m/n --> TU/latinmodern-math.otf(2)/m/n on inpu
t line 183.
LaTeX Font Info:    Encoding `OMS' has changed to `TU' for symbol font
(Font)              `symbols' in the math version `bold' on input line 183.
LaTeX Font Info:    Overwriting symbol font `symbols' in version `bold'
(Font)                  OMS/lmsy/b/n --> TU/latinmodern-math.otf(2)/b/n on inpu
t line 183.

Package fontspec Info: latinmodern-math scale = 0.9999964596882403.


Package fontspec Info: latinmodern-math scale = 0.9998964600422715.


Package fontspec Info: latinmodern-math scale = 0.9999964596882403.


Package fontspec Info: latinmodern-math scale = 0.9998964600422715.


Package fontspec Info: latinmodern-math scale = 0.9999964596882403.


Package fontspec Info: latinmodern-math scale = 0.9998964600422715.


Package fontspec Info: latinmodern-math scale = 0.9999964596882403.


Package fontspec Info: latinmodern-math scale = 0.9998964600422715.


Package fontspec Info: latinmodern-math scale = 0.9999964596882403.


Package fontspec Info: latinmodern-math scale = 0.9998964600422715.


Package fontspec Info: Font family 'latinmodern-math.otf(3)' created for font
(fontspec)             'latinmodern-math.otf' with options
(fontspec)             [Scale=MatchLowercase,BoldItalicFont={},ItalicFont={},Sm
allCapsFont={},Script=Math,SizeFeatures={{Size=8.5-},{Size=6-8.5,Font=latinmode
rn-math.otf,Style=MathScript},{Size=-6,Font=latinmodern-math.otf,Style=MathScri
ptScript}},BoldFont={latinmodern-math.otf},ScaleAgain=0.9999,FontAdjustment={\f
ontdimen
(fontspec)             8\font =0.4pt\relax \fontdimen 9\font =2.0pt\relax
(fontspec)             \fontdimen 10\font =1.67pt\relax \fontdimen 11\font
(fontspec)             =1.11pt\relax \fontdimen 12\font =6.0pt\relax
(fontspec)             \fontdimen 13\font =0pt\relax }].
(fontspec)              
(fontspec)              This font family consists of the following NFSS
(fontspec)             series/shapes:
(fontspec)              
(fontspec)             - 'normal' (m/n) with NFSS spec.:
(fontspec)             <8.5->s*[0.9998964600422715]"[latinmodern-math.otf]/OT:s
cript=math;language=dflt;"<6-8.5>s*[0.9998964600422715]"[latinmodern-math.otf]/
OT:script=math;language=dflt;+ssty=0;"<-6>s*[0.9998964600422715]"[latinmodern-m
ath.otf]/OT:script=math;language=dflt;+ssty=1;"
(fontspec)             - 'small caps'  (m/sc) with NFSS spec.: 
(fontspec)             and font adjustment code:
(fontspec)             \fontdimen 8\font =0.4pt\relax \fontdimen 9\font
(fontspec)             =2.0pt\relax \fontdimen 10\font =1.67pt\relax
(fontspec)             \fontdimen 11\font =1.11pt\relax \fontdimen 12\font
(fontspec)             =6.0pt\relax \fontdimen 13\font =0pt\relax 
(fontspec)             - 'bold' (b/n) with NFSS spec.:
(fontspec)             <->s*[0.9998964600422715]"[latinmodern-math.otf]/OT:scri
pt=math;language=dflt;"
(fontspec)             - 'bold small caps'  (b/sc) with NFSS spec.: 
(fontspec)             and font adjustment code:
(fontspec)             \fontdimen 8\font =0.4pt\relax \fontdimen 9\font
(fontspec)             =2.0pt\relax \fontdimen 10\font =1.67pt\relax
(fontspec)             \fontdimen 11\font =1.11pt\relax \fontdimen 12\font
(fontspec)             =6.0pt\relax \fontdimen 13\font =0pt\relax 

LaTeX Font Info:    Encoding `OMX' has changed to `TU' for symbol font
(Font)              `largesymbols' in the math version `normal' on input line 1
83.
LaTeX Font Info:    Overwriting symbol font `largesymbols' in version `normal'
(Font)                  OMX/lmex/m/n --> TU/latinmodern-math.otf(3)/m/n on inpu
t line 183.
LaTeX Font Info:    Encoding `OMX' has changed to `TU' for symbol font
(Font)              `largesymbols' in the math version `bold' on input line 183
.
LaTeX Font Info:    Overwriting symbol font `largesymbols' in version `bold'
(Font)                  OMX/lmex/m/n --> TU/latinmodern-math.otf(3)/b/n on inpu
t line 183.
LaTeX Info: Redefining \microtypecontext on input line 183.
Package microtype Info: Character protrusion enabled (level 2).
Package microtype Info: Using protrusion set `basicmath'.
Package microtype Info: No adjustment of tracking.
Package microtype Info: No adjustment of spacing.
Package microtype Info: No adjustment of kerning.

(C:\Users\ruben.fcasal\AppData\Roaming\MiKTeX\2.9\tex/latex/microtype\mt-LatinM
odernRoman.cfg
File: mt-LatinModernRoman.cfg 2021/02/21 v1.1 microtype config. file: Latin Mod
ern Roman (RS)
)
Package hyperref Info: Link coloring OFF on input line 183.
(C:\Program Files\MiKTeX 2.9\tex/latex/hyperref\nameref.sty
Package: nameref 2021-04-02 v2.47 Cross-referencing by name of section

(C:\Users\ruben.fcasal\AppData\Roaming\MiKTeX\2.9\tex/latex/refcount\refcount.s
ty
Package: refcount 2019/12/15 v3.6 Data extraction from label references (HO)
)
(C:\Users\ruben.fcasal\AppData\Roaming\MiKTeX\2.9\tex/generic/gettitlestring\ge
ttitlestring.sty
Package: gettitlestring 2019/12/15 v1.6 Cleanup title references (HO)
)
\c@section@level=\count334
)
LaTeX Info: Redefining \ref on input line 183.
LaTeX Info: Redefining \pageref on input line 183.
LaTeX Info: Redefining \nameref on input line 183.
*geometry* driver: auto-detecting
*geometry* detected driver: xetex
*geometry* verbose mode - [ preamble ] result:
* driver: xetex
* paper: a4paper
* layout: <same size as paper>
* layoutoffset:(h,v)=(0.0pt,0.0pt)
* modes: twoside 
* h-part:(L,W,R)=(85.35826pt, 441.01773pt, 71.13188pt)
* v-part:(T,H,B)=(92.47145pt, 681.44351pt, 71.13188pt)
* \paperwidth=597.50787pt
* \paperheight=845.04684pt
* \textwidth=441.01773pt
* \textheight=681.44351pt
* \oddsidemargin=13.08827pt
* \evensidemargin=-1.1381pt
* \topmargin=-9.86603pt
* \headheight=12.0pt
* \headsep=18.06749pt
* \topskip=10.0pt
* \footskip=25.29494pt
* \marginparwidth=125.0pt
* \marginparsep=7.0pt
* \columnsep=10.0pt
* \skip\footins=9.0pt plus 4.0pt minus 2.0pt
* \hoffset=0.0pt
* \voffset=0.0pt
* \mag=1000
* \@twocolumnfalse
* \@twosidetrue
* \@mparswitchtrue
* \@reversemarginfalse
* (1in=72.27pt=25.4mm, 1cm=28.453pt)

LaTeX Info: Redefining \rmfamily on input line 183.
LaTeX Info: Redefining \sffamily on input line 183.
LaTeX Info: Redefining \ttfamily on input line 183.
LaTeX Font Info:    Font shape `TU/latinmodern-math.otf(1)/m/n' will be
(Font)              scaled to size 12.0pt on input line 185.
LaTeX Font Info:    Font shape `TU/latinmodern-math.otf(1)/m/n' will be
(Font)              scaled to size 8.0pt on input line 185.
LaTeX Font Info:    Font shape `TU/latinmodern-math.otf(1)/m/n' will be
(Font)              scaled to size 6.0pt on input line 185.
LaTeX Font Info:    Trying to load font information for OML+lmm on input line 1
85.
(C:\Program Files\MiKTeX 2.9\tex/latex/lm\omllmm.fd
File: omllmm.fd 2009/10/30 v1.6 Font defs for Latin Modern
)
LaTeX Font Info:    Font shape `TU/latinmodern-math.otf(2)/m/n' will be
(Font)              scaled to size 12.0011pt on input line 185.
LaTeX Font Info:    Font shape `TU/latinmodern-math.otf(2)/m/n' will be
(Font)              scaled to size 8.00073pt on input line 185.
LaTeX Font Info:    Font shape `TU/latinmodern-math.otf(2)/m/n' will be
(Font)              scaled to size 6.00055pt on input line 185.
LaTeX Font Info:    Font shape `TU/latinmodern-math.otf(3)/m/n' will be
(Font)              scaled to size 11.99872pt on input line 185.
LaTeX Font Info:    Font shape `TU/latinmodern-math.otf(3)/m/n' will be
(Font)              scaled to size 7.99915pt on input line 185.
LaTeX Font Info:    Font shape `TU/latinmodern-math.otf(3)/m/n' will be
(Font)              scaled to size 5.99936pt on input line 185.
LaTeX Font Info:    Trying to load font information for U+msa on input line 185
.
(C:\Program Files\MiKTeX 2.9\tex/latex/amsfonts\umsa.fd
File: umsa.fd 2013/01/14 v3.01 AMS symbols A
)
(C:\Users\ruben.fcasal\AppData\Roaming\MiKTeX\2.9\tex/latex/microtype\mt-msa.cf
g
File: mt-msa.cfg 2006/02/04 v1.1 microtype config. file: AMS symbols (a) (RS)
)
LaTeX Font Info:    Trying to load font information for U+msb on input line 185
.
(C:\Program Files\MiKTeX 2.9\tex/latex/amsfonts\umsb.fd
File: umsb.fd 2013/01/14 v3.01 AMS symbols B
)
(C:\Users\ruben.fcasal\AppData\Roaming\MiKTeX\2.9\tex/latex/microtype\mt-msb.cf
g
File: mt-msb.cfg 2005/06/01 v1.0 microtype config. file: AMS symbols (b) (RS)
) [1


] [2

] (Simulacion.toc
LaTeX Info: Redefining \rmfamily on input line 1.
LaTeX Info: Redefining \sffamily on input line 1.
LaTeX Info: Redefining \ttfamily on input line 1.
LaTeX Font Info:    Font shape `TU/latinmodern-math.otf(1)/m/n' will be
(Font)              scaled to size 7.0pt on input line 4.
LaTeX Font Info:    Font shape `TU/latinmodern-math.otf(1)/m/n' will be
(Font)              scaled to size 5.0pt on input line 4.
LaTeX Font Info:    Font shape `TU/latinmodern-math.otf(2)/m/n' will be
(Font)              scaled to size 10.00092pt on input line 4.
LaTeX Font Info:    Font shape `TU/latinmodern-math.otf(2)/m/n' will be
(Font)              scaled to size 7.00064pt on input line 4.
LaTeX Font Info:    Font shape `TU/latinmodern-math.otf(2)/m/n' will be
(Font)              scaled to size 5.00046pt on input line 4.
LaTeX Font Info:    Font shape `TU/latinmodern-math.otf(3)/m/n' will be
(Font)              scaled to size 9.99893pt on input line 4.
LaTeX Font Info:    Font shape `TU/latinmodern-math.otf(3)/m/n' will be
(Font)              scaled to size 6.99925pt on input line 4.
LaTeX Font Info:    Font shape `TU/latinmodern-math.otf(3)/m/n' will be
(Font)              scaled to size 4.99947pt on input line 4.
[3])
\tf@toc=\write4
\openout4 = `Simulacion.toc'.

[4]
File: images/by-nc-nd-88x31.png Graphic file (type bmp)
<images/by-nc-nd-88x31.png>
[5

] [6

]
Capítulo 1.
[7]
LaTeX Font Info:    Font shape `TU/lmtt/bx/n' in size <10> not available
(Font)              Font shape `TU/lmtt/b/n' tried instead on input line 318.
[8]
File: 01-Introduccion_files/figure-latex/distr-ealbum-1.pdf Graphic file (type 
pdf)
<use 01-Introduccion_files/figure-latex/distr-ealbum-1.pdf>
[9]
File: 01-Introduccion_files/figure-latex/distr-ealbum2-1.pdf Graphic file (type
 pdf)
<use 01-Introduccion_files/figure-latex/distr-ealbum2-1.pdf>
File: 01-Introduccion_files/figure-latex/mc-plot-ealbum-1.pdf Graphic file (typ
e pdf)
<use 01-Introduccion_files/figure-latex/mc-plot-ealbum-1.pdf>
[10] [11]
File: images/RAND.png Graphic file (type bmp)
<images/RAND.png>
[12]
File: 01-Introduccion_files/figure-latex/randtoolbox-1.pdf Graphic file (type p
df)
<use 01-Introduccion_files/figure-latex/randtoolbox-1.pdf>
[13] [14] [15] [16] [17]

LaTeX Font Warning: Font shape `TU/lmtt/bx/it' in size <10> not available
(Font)              Font shape `TU/lmtt/b/sl' tried instead on input line 969.

[18]
Package hyperref Info: bookmark level for unknown exercise defaults to 0 on inp
ut line 1067.
[19]
File: images/circuito2.png Graphic file (type bmp)
<images/circuito2.png>
Package hyperref Info: bookmark level for unknown remark defaults to 0 on input
 line 1130.
[20]
Capítulo 2.
[21

]
Package hyperref Info: bookmark level for unknown theorem defaults to 0 on inpu
t line 1240.
[22]
File: 02-Generacion_numeros_aleatorios_files/figure-latex/randu-1.pdf Graphic f
ile (type pdf)
<use 02-Generacion_numeros_aleatorios_files/figure-latex/randu-1.pdf>
[23]
Package hyperref Info: bookmark level for unknown example defaults to 0 on inpu
t line 1345.
File: 02-Generacion_numeros_aleatorios_files/figure-latex/ejcona-1.pdf Graphic 
file (type pdf)
<use 02-Generacion_numeros_aleatorios_files/figure-latex/ejcona-1.pdf>
[24]
LaTeX Font Info:    Font shape `TU/latinmodern-math.otf(1)/b/n' will be
(Font)              scaled to size 10.0pt on input line 1455.
LaTeX Font Info:    Font shape `TU/latinmodern-math.otf(1)/b/n' will be
(Font)              scaled to size 7.0pt on input line 1455.
LaTeX Font Info:    Font shape `TU/latinmodern-math.otf(1)/b/n' will be
(Font)              scaled to size 5.0pt on input line 1455.
LaTeX Font Info:    Font shape `TU/latinmodern-math.otf(2)/b/n' will be
(Font)              scaled to size 10.00092pt on input line 1455.
LaTeX Font Info:    Font shape `TU/latinmodern-math.otf(2)/b/n' will be
(Font)              scaled to size 7.00064pt on input line 1455.
LaTeX Font Info:    Font shape `TU/latinmodern-math.otf(2)/b/n' will be
(Font)              scaled to size 5.00046pt on input line 1455.
LaTeX Font Info:    Font shape `TU/latinmodern-math.otf(3)/b/n' will be
(Font)              scaled to size 9.99893pt on input line 1455.
LaTeX Font Info:    Font shape `TU/latinmodern-math.otf(3)/b/n' will be
(Font)              scaled to size 6.99925pt on input line 1455.
LaTeX Font Info:    Font shape `TU/latinmodern-math.otf(3)/b/n' will be
(Font)              scaled to size 4.99947pt on input line 1455.
[25] [26]
File: 02-Generacion_numeros_aleatorios_files/figure-latex/chisq-test-unif-1.pdf
 Graphic file (type pdf)
<use 02-Generacion_numeros_aleatorios_files/figure-latex/chisq-test-unif-1.pdf>

[27] [28]
File: 02-Generacion_numeros_aleatorios_files/figure-latex/empdistrunif-1.pdf Gr
aphic file (type pdf)
<use 02-Generacion_numeros_aleatorios_files/figure-latex/empdistrunif-1.pdf>
File: 02-Generacion_numeros_aleatorios_files/figure-latex/plot-sec-1.pdf Graphi
c file (type pdf)
<use 02-Generacion_numeros_aleatorios_files/figure-latex/plot-sec-1.pdf>
File: 02-Generacion_numeros_aleatorios_files/figure-latex/plot-ret-1.pdf Graphi
c file (type pdf)
<use 02-Generacion_numeros_aleatorios_files/figure-latex/plot-ret-1.pdf>
File: 02-Generacion_numeros_aleatorios_files/figure-latex/plot-acf-1.pdf Graphi
c file (type pdf)
<use 02-Generacion_numeros_aleatorios_files/figure-latex/plot-acf-1.pdf>
[29] [30] [31]
File: 02-Generacion_numeros_aleatorios_files/figure-latex/rep-test-ecdf-1.pdf G
raphic file (type pdf)
<use 02-Generacion_numeros_aleatorios_files/figure-latex/rep-test-ecdf-1.pdf>
File: 02-Generacion_numeros_aleatorios_files/figure-latex/rep-test-est-1.pdf Gr
aphic file (type pdf)
<use 02-Generacion_numeros_aleatorios_files/figure-latex/rep-test-est-1.pdf>
[32]
Underfull \vbox (badness 4366) has occurred while \output is active []

[33]
File: 02-Generacion_numeros_aleatorios_files/figure-latex/rep-test-pval-1.pdf G
raphic file (type pdf)
<use 02-Generacion_numeros_aleatorios_files/figure-latex/rep-test-pval-1.pdf>
[34]
File: 02-Generacion_numeros_aleatorios_files/figure-latex/rephtest-1.pdf Graphi
c file (type pdf)
<use 02-Generacion_numeros_aleatorios_files/figure-latex/rephtest-1.pdf>

Overfull \hbox (26.64561pt too wide) in paragraph at lines 2023--2026
[]\TU/lmr/m/n/10 Diehard tests (The Marsaglia Random Number CDROM, 1995): []htt
p://www.stat.fsu.edu/pub/diehard
 []

[35] [36] [37] [38

]
Capítulo 3.
[39]
File: 03-Analisis_resultados_files/figure-latex/proporcion-1.pdf Graphic file (
type pdf)
<use 03-Analisis_resultados_files/figure-latex/proporcion-1.pdf>
File: 03-Analisis_resultados_files/figure-latex/cauchy-1.pdf Graphic file (type
 pdf)
<use 03-Analisis_resultados_files/figure-latex/cauchy-1.pdf>
File: 03-Analisis_resultados_files/figure-latex/cauchy-box-1.pdf Graphic file (
type pdf)
<use 03-Analisis_resultados_files/figure-latex/cauchy-box-1.pdf>

Underfull \vbox (badness 5133) has occurred while \output is active []

[40]
Underfull \vbox (badness 6575) has occurred while \output is active []

[41] [42]
File: 03-Analisis_resultados_files/figure-latex/conv-esterr-1.pdf Graphic file 
(type pdf)
<use 03-Analisis_resultados_files/figure-latex/conv-esterr-1.pdf>
[43] [44]
File: 03-Analisis_resultados_files/figure-latex/conv-dep-1.pdf Graphic file (ty
pe pdf)
<use 03-Analisis_resultados_files/figure-latex/conv-dep-1.pdf>
File: 03-Analisis_resultados_files/figure-latex/acf-depsec-1.pdf Graphic file (
type pdf)
<use 03-Analisis_resultados_files/figure-latex/acf-depsec-1.pdf>
[45]
File: 03-Analisis_resultados_files/figure-latex/acf-depsec2-1.pdf Graphic file 
(type pdf)
<use 03-Analisis_resultados_files/figure-latex/acf-depsec2-1.pdf>

Underfull \vbox (badness 10000) has occurred while \output is active []

[46]
File: 03-Analisis_resultados_files/figure-latex/conv-dep2-1.pdf Graphic file (t
ype pdf)
<use 03-Analisis_resultados_files/figure-latex/conv-dep2-1.pdf>
[47]
File: 03-Analisis_resultados_files/figure-latex/conv-dep-lotes-1.pdf Graphic fi
le (type pdf)
<use 03-Analisis_resultados_files/figure-latex/conv-dep-lotes-1.pdf>
[48]
File: 03-Analisis_resultados_files/figure-latex/conv-dep-nsec-1.pdf Graphic fil
e (type pdf)
<use 03-Analisis_resultados_files/figure-latex/conv-dep-nsec-1.pdf>
[49]
File: 03-Analisis_resultados_files/figure-latex/unnamed-chunk-12-1.pdf Graphic 
file (type pdf)
<use 03-Analisis_resultados_files/figure-latex/unnamed-chunk-12-1.pdf>

Underfull \vbox (badness 3078) has occurred while \output is active []

[50]
File: 03-Analisis_resultados_files/figure-latex/sim-ar1-1.pdf Graphic file (typ
e pdf)
<use 03-Analisis_resultados_files/figure-latex/sim-ar1-1.pdf>
[51] [52]
Capítulo 4.
Package hyperref Info: bookmark level for unknown conjecture defaults to 0 on i
nput line 2829.
[53

]
File: 04-Metodos_generales_continuas_files/figure-latex/inv-movie-1.pdf Graphic
 file (type pdf)
<use 04-Metodos_generales_continuas_files/figure-latex/inv-movie-1.pdf>
File: 04-Metodos_generales_continuas_files/figure-latex/exp-inv-plot-1.pdf Grap
hic file (type pdf)
<use 04-Metodos_generales_continuas_files/figure-latex/exp-inv-plot-1.pdf>

Underfull \vbox (badness 4673) has occurred while \output is active []

[54] [55]
File: 04-Metodos_generales_continuas_files/figure-latex/ddexp-inv-1.pdf Graphic
 file (type pdf)
<use 04-Metodos_generales_continuas_files/figure-latex/ddexp-inv-1.pdf>
[56] [57]
File: 04-Metodos_generales_continuas_files/figure-latex/var-gen-1.pdf Graphic f
ile (type pdf)
<use 04-Metodos_generales_continuas_files/figure-latex/var-gen-1.pdf>
[58] [59]
File: 04-Metodos_generales_continuas_files/figure-latex/dbeta-dunif-plot-1.pdf 
Graphic file (type pdf)
<use 04-Metodos_generales_continuas_files/figure-latex/dbeta-dunif-plot-1.pdf>
[60]
File: 04-Metodos_generales_continuas_files/figure-latex/dbeta-ar-1.pdf Graphic 
file (type pdf)
<use 04-Metodos_generales_continuas_files/figure-latex/dbeta-ar-1.pdf>
[61] [62]
File: 04-Metodos_generales_continuas_files/figure-latex/dnorm-ddexp-plot-1.pdf 
Graphic file (type pdf)
<use 04-Metodos_generales_continuas_files/figure-latex/dnorm-ddexp-plot-1.pdf>
[63] [64]
File: 04-Metodos_generales_continuas_files/figure-latex/dnorm-ar-1.pdf Graphic 
file (type pdf)
<use 04-Metodos_generales_continuas_files/figure-latex/dnorm-ar-1.pdf>
[65]
File: 04-Metodos_generales_continuas_files/figure-latex/cop-lambda-1.pdf Graphi
c file (type pdf)
<use 04-Metodos_generales_continuas_files/figure-latex/cop-lambda-1.pdf>
[66] [67] [68]
File: 04-Metodos_generales_continuas_files/figure-latex/post-pri-plot-1.pdf Gra
phic file (type pdf)
<use 04-Metodos_generales_continuas_files/figure-latex/post-pri-plot-1.pdf>
[69]
File: 04-Metodos_generales_continuas_files/figure-latex/ic-bayes-1.pdf Graphic 
file (type pdf)
<use 04-Metodos_generales_continuas_files/figure-latex/ic-bayes-1.pdf>
[70]
File: images/squeeze.png Graphic file (type bmp)
<images/squeeze.png>
[71] [72] [73]
File: 04-Metodos_generales_continuas_files/figure-latex/rcauchy-rou-1.pdf Graph
ic file (type pdf)
<use 04-Metodos_generales_continuas_files/figure-latex/rcauchy-rou-1.pdf>
[74] [75] [76]
Overfull \hbox (46.8535pt too wide) has occurred while \output is active
\TU/lmr/m/sl/10 4.5.  MÉTODOS ESPECÍFICOS PARA LA GENERACIÓN DE ALGUNAS DISTRIB
UCIONES NOTABLES \TU/lmr/m/n/10 77
 []

[77] [78]
Capítulo 5.
Package hyperref Info: bookmark level for unknown proof defaults to 0 on input 
line 4354.
[79

]
File: images/cuantil-sim.png Graphic file (type bmp)
<images/cuantil-sim.png>
[80] [81]
File: 05-Metodos_generales_discretas_files/figure-latex/comprfmp-1.pdf Graphic 
file (type pdf)
<use 05-Metodos_generales_discretas_files/figure-latex/comprfmp-1.pdf>
[82] [83] [84]
File: images/tabla-sim.png Graphic file (type bmp)
<images/tabla-sim.png>
[85]
File: 05-Metodos_generales_discretas_files/figure-latex/comptabla-1.pdf Graphic
 file (type pdf)
<use 05-Metodos_generales_discretas_files/figure-latex/comptabla-1.pdf>
[86]
File: 05-Metodos_generales_discretas_files/figure-latex/unnamed-chunk-15-1.pdf 
Graphic file (type pdf)
<use 05-Metodos_generales_discretas_files/figure-latex/unnamed-chunk-15-1.pdf>
[87] [88]
File: 05-Metodos_generales_discretas_files/figure-latex/compalias-1.pdf Graphic
 file (type pdf)
<use 05-Metodos_generales_discretas_files/figure-latex/compalias-1.pdf>
[89] [90] [91]
File: 05-Metodos_generales_discretas_files/figure-latex/unnamed-chunk-18-1.pdf 
Graphic file (type pdf)
<use 05-Metodos_generales_discretas_files/figure-latex/unnamed-chunk-18-1.pdf>

Underfull \vbox (badness 10000) has occurred while \output is active []

[92] [93] [94

]
Capítulo 6.
[95]
File: 06-Simulacion_multidimensional_files/figure-latex/normind-plot-1.pdf Grap
hic file (type pdf)
<use 06-Simulacion_multidimensional_files/figure-latex/normind-plot-1.pdf>
[96] [97]
Package hyperref Info: bookmark level for unknown proposition defaults to 0 on 
input line 5503.
[98] [99]
File: 06-Simulacion_multidimensional_files/figure-latex/funcional-plot-1.pdf Gr
aphic file (type pdf)
<use 06-Simulacion_multidimensional_files/figure-latex/funcional-plot-1.pdf>
[100]
File: 06-Simulacion_multidimensional_files/figure-latex/funcional-plot2-1.pdf G
raphic file (type pdf)
<use 06-Simulacion_multidimensional_files/figure-latex/funcional-plot2-1.pdf>
[101] [102] [103] [104]
File: 06-Simulacion_multidimensional_files/figure-latex/funcional-cond-1.pdf Gr
aphic file (type pdf)
<use 06-Simulacion_multidimensional_files/figure-latex/funcional-cond-1.pdf>
[105] [106]
File: 06-Simulacion_multidimensional_files/figure-latex/pos-sp-simcond-1.pdf Gr
aphic file (type pdf)
<use 06-Simulacion_multidimensional_files/figure-latex/pos-sp-simcond-1.pdf>

Overfull \hbox (20.98227pt too wide) in paragraph at lines 6140--6140
[]\TU/lmtt/m/n/10 ## krige.conv: results will be returned only for prediction l
ocations inside the borders[] 
 []

[107]
File: 06-Simulacion_multidimensional_files/figure-latex/unnamed-chunk-10-1.pdf 
Graphic file (type pdf)
<use 06-Simulacion_multidimensional_files/figure-latex/unnamed-chunk-10-1.pdf>

Underfull \vbox (badness 10000) has occurred while \output is active []

[108]
File: 06-Simulacion_multidimensional_files/figure-latex/unnamed-chunk-11-1.pdf 
Graphic file (type pdf)
<use 06-Simulacion_multidimensional_files/figure-latex/unnamed-chunk-11-1.pdf>

Underfull \vbox (badness 10000) has occurred while \output is active []

[109]
Underfull \vbox (badness 5446) has occurred while \output is active []

[110]
File: 06-Simulacion_multidimensional_files/figure-latex/simulate-forecast-1.pdf
 Graphic file (type pdf)
<use 06-Simulacion_multidimensional_files/figure-latex/simulate-forecast-1.pdf>

[111] [112]
File: 06-Simulacion_multidimensional_files/figure-latex/cclayton2-dispersion-1.
pdf Graphic file (type pdf)
<use 06-Simulacion_multidimensional_files/figure-latex/cclayton2-dispersion-1.p
df>
File: 06-Simulacion_multidimensional_files/figure-latex/cclayton2-conjunta-1.pd
f Graphic file (type pdf)
<use 06-Simulacion_multidimensional_files/figure-latex/cclayton2-conjunta-1.pdf
>
File: 06-Simulacion_multidimensional_files/figure-latex/cclayton2-marginales-1.
pdf Graphic file (type pdf)
<use 06-Simulacion_multidimensional_files/figure-latex/cclayton2-marginales-1.p
df>
File: 06-Simulacion_multidimensional_files/figure-latex/cclayton2b-dispersion-1
.pdf Graphic file (type pdf)
<use 06-Simulacion_multidimensional_files/figure-latex/cclayton2b-dispersion-1.
pdf>
[113]
File: 06-Simulacion_multidimensional_files/figure-latex/cclayton3-dispersion-1.
pdf Graphic file (type pdf)
<use 06-Simulacion_multidimensional_files/figure-latex/cclayton3-dispersion-1.p
df>
File: 06-Simulacion_multidimensional_files/figure-latex/cclayton-exp-conjunta-1
.pdf Graphic file (type pdf)
<use 06-Simulacion_multidimensional_files/figure-latex/cclayton-exp-conjunta-1.
pdf>
[114]
Underfull \vbox (badness 10000) detected at line 6489
 []


Underfull \vbox (badness 10000) detected at line 6489
 []

[115]
File: 06-Simulacion_multidimensional_files/figure-latex/cclayton-exp-marginales
-1.pdf Graphic file (type pdf)
<use 06-Simulacion_multidimensional_files/figure-latex/cclayton-exp-marginales-
1.pdf>
[116]
Underfull \hbox (badness 1137) in paragraph at lines 6515--6516
\TU/lmr/m/n/10 para cambiar a un indexado unidimensional y posteriormente las f
unciones \TU/lmtt/m/n/10 as.matrix()\TU/lmr/m/n/10 , o
 []

[117] [118] [119] [120]
File: 06-Simulacion_multidimensional_files/figure-latex/chi2-plot-1.pdf Graphic
 file (type pdf)
<use 06-Simulacion_multidimensional_files/figure-latex/chi2-plot-1.pdf>
[121] [122]
Capítulo 7.
[123

] [124]
File: 07-Monte_Carlo_files/figure-latex/int-mc-clas-1.pdf Graphic file (type pd
f)
<use 07-Monte_Carlo_files/figure-latex/int-mc-clas-1.pdf>
[125]
File: 07-Monte_Carlo_files/figure-latex/mc-integral-1.pdf Graphic file (type pd
f)
<use 07-Monte_Carlo_files/figure-latex/mc-integral-1.pdf>

Underfull \vbox (badness 10000) has occurred while \output is active []

[126] [127] [128]
File: 07-Monte_Carlo_files/figure-latex/mc-imp-int-1.pdf Graphic file (type pdf
)
<use 07-Monte_Carlo_files/figure-latex/mc-imp-int-1.pdf>
File: 07-Monte_Carlo_files/figure-latex/mc-imp-conv-1.pdf Graphic file (type pd
f)
<use 07-Monte_Carlo_files/figure-latex/mc-imp-conv-1.pdf>
[129] [130]
File: 07-Monte_Carlo_files/figure-latex/mc-imp2-conv-1.pdf Graphic file (type p
df)
<use 07-Monte_Carlo_files/figure-latex/mc-imp2-conv-1.pdf>
File: 07-Monte_Carlo_files/figure-latex/mc-imp2-boxplot-1.pdf Graphic file (typ
e pdf)
<use 07-Monte_Carlo_files/figure-latex/mc-imp2-boxplot-1.pdf>
[131]
File: 07-Monte_Carlo_files/figure-latex/imp-res-1.pdf Graphic file (type pdf)
<use 07-Monte_Carlo_files/figure-latex/imp-res-1.pdf>
[132] [133]
File: 07-Monte_Carlo_files/figure-latex/unnamed-chunk-14-1.pdf Graphic file (ty
pe pdf)
<use 07-Monte_Carlo_files/figure-latex/unnamed-chunk-14-1.pdf>
[134]
Overfull \vbox (1.25645pt too high) detected at line 7754
 []

[135]
File: 07-Monte_Carlo_files/figure-latex/unnamed-chunk-18-1.pdf Graphic file (ty
pe pdf)
<use 07-Monte_Carlo_files/figure-latex/unnamed-chunk-18-1.pdf>
[136]
File: images/templesimulado.png Graphic file (type bmp)
<images/templesimulado.png>
[137]
File: 07-Monte_Carlo_files/figure-latex/unnamed-chunk-21-1.pdf Graphic file (ty
pe pdf)
<use 07-Monte_Carlo_files/figure-latex/unnamed-chunk-21-1.pdf>
[138]
File: 07-Monte_Carlo_files/figure-latex/unnamed-chunk-22-1.pdf Graphic file (ty
pe pdf)
<use 07-Monte_Carlo_files/figure-latex/unnamed-chunk-22-1.pdf>

Underfull \vbox (badness 10000) has occurred while \output is active []

[139]
Underfull \hbox (badness 1122) in paragraph at lines 7999--8000
[]\TU/lmr/m/n/10 Repetimos el ejemplo anterior empleando el algoritmo genético 
implementado en la función
 []

[140]
File: 07-Monte_Carlo_files/figure-latex/unnamed-chunk-23-1.pdf Graphic file (ty
pe pdf)
<use 07-Monte_Carlo_files/figure-latex/unnamed-chunk-23-1.pdf>
[141] [142]
File: 07-Monte_Carlo_files/figure-latex/mednorm-1.pdf Graphic file (type pdf)
<use 07-Monte_Carlo_files/figure-latex/mednorm-1.pdf>
[143] [144]
File: 07-Monte_Carlo_files/figure-latex/medexp-1.pdf Graphic file (type pdf)
<use 07-Monte_Carlo_files/figure-latex/medexp-1.pdf>
[145]
File: 07-Monte_Carlo_files/figure-latex/cobicnorm-1.pdf Graphic file (type pdf)

<use 07-Monte_Carlo_files/figure-latex/cobicnorm-1.pdf>
[146]
File: 07-Monte_Carlo_files/figure-latex/cobicexp-1.pdf Graphic file (type pdf)
<use 07-Monte_Carlo_files/figure-latex/cobicexp-1.pdf>
[147]
File: 07-Monte_Carlo_files/figure-latex/unnamed-chunk-35-1.pdf Graphic file (ty
pe pdf)
<use 07-Monte_Carlo_files/figure-latex/unnamed-chunk-35-1.pdf>
[148]
File: 07-Monte_Carlo_files/figure-latex/unnamed-chunk-40-1.pdf Graphic file (ty
pe pdf)
<use 07-Monte_Carlo_files/figure-latex/unnamed-chunk-40-1.pdf>
[149]
File: 07-Monte_Carlo_files/figure-latex/unnamed-chunk-41-1.pdf Graphic file (ty
pe pdf)
<use 07-Monte_Carlo_files/figure-latex/unnamed-chunk-41-1.pdf>

Underfull \vbox (badness 10000) has occurred while \output is active []

[150]
File: 07-Monte_Carlo_files/figure-latex/unnamed-chunk-44-1.pdf Graphic file (ty
pe pdf)
<use 07-Monte_Carlo_files/figure-latex/unnamed-chunk-44-1.pdf>

Underfull \vbox (badness 10000) has occurred while \output is active []

[151] [152]
File: 07-Monte_Carlo_files/figure-latex/unnamed-chunk-47-1.pdf Graphic file (ty
pe pdf)
<use 07-Monte_Carlo_files/figure-latex/unnamed-chunk-47-1.pdf>
File: 07-Monte_Carlo_files/figure-latex/unnamed-chunk-47-2.pdf Graphic file (ty
pe pdf)
<use 07-Monte_Carlo_files/figure-latex/unnamed-chunk-47-2.pdf>

Underfull \vbox (badness 10000) has occurred while \output is active []

[153] [154]
File: 07-Monte_Carlo_files/figure-latex/unnamed-chunk-52-1.pdf Graphic file (ty
pe pdf)
<use 07-Monte_Carlo_files/figure-latex/unnamed-chunk-52-1.pdf>
File: 07-Monte_Carlo_files/figure-latex/unnamed-chunk-52-2.pdf Graphic file (ty
pe pdf)
<use 07-Monte_Carlo_files/figure-latex/unnamed-chunk-52-2.pdf>
[155]
File: 07-Monte_Carlo_files/figure-latex/unnamed-chunk-56-1.pdf Graphic file (ty
pe pdf)
<use 07-Monte_Carlo_files/figure-latex/unnamed-chunk-56-1.pdf>
File: 07-Monte_Carlo_files/figure-latex/unnamed-chunk-56-2.pdf Graphic file (ty
pe pdf)
<use 07-Monte_Carlo_files/figure-latex/unnamed-chunk-56-2.pdf>
[156]
Underfull \vbox (badness 1184) detected at line 9026
 []


Underfull \vbox (badness 1158) has occurred while \output is active []

[157]
File: 07-Monte_Carlo_files/figure-latex/unnamed-chunk-60-1.pdf Graphic file (ty
pe pdf)
<use 07-Monte_Carlo_files/figure-latex/unnamed-chunk-60-1.pdf>
File: 07-Monte_Carlo_files/figure-latex/unnamed-chunk-60-2.pdf Graphic file (ty
pe pdf)
<use 07-Monte_Carlo_files/figure-latex/unnamed-chunk-60-2.pdf>
[158]
Underfull \hbox (badness 1924) in paragraph at lines 9087--9090
[]\TU/lmr/m/n/10 La distribución exponencial es un caso particular de la Weibul
l: \TU/lmtt/m/n/10 dexp(x, ratex) ==
 []

File: 07-Monte_Carlo_files/figure-latex/potencia-1.pdf Graphic file (type pdf)
<use 07-Monte_Carlo_files/figure-latex/potencia-1.pdf>

Underfull \vbox (badness 10000) has occurred while \output is active []

[159]
File: 07-Monte_Carlo_files/figure-latex/contaminada-1.pdf Graphic file (type pd
f)
<use 07-Monte_Carlo_files/figure-latex/contaminada-1.pdf>

Underfull \vbox (badness 10000) has occurred while \output is active []

[160]
File: 07-Monte_Carlo_files/figure-latex/unnamed-chunk-62-1.pdf Graphic file (ty
pe pdf)
<use 07-Monte_Carlo_files/figure-latex/unnamed-chunk-62-1.pdf>

Underfull \vbox (badness 7308) has occurred while \output is active []

[161]
File: 07-Monte_Carlo_files/figure-latex/unnamed-chunk-65-1.pdf Graphic file (ty
pe pdf)
<use 07-Monte_Carlo_files/figure-latex/unnamed-chunk-65-1.pdf>

Underfull \vbox (badness 10000) has occurred while \output is active []

[162]
File: 07-Monte_Carlo_files/figure-latex/unnamed-chunk-66-1.pdf Graphic file (ty
pe pdf)
<use 07-Monte_Carlo_files/figure-latex/unnamed-chunk-66-1.pdf>
[163] [164]
Capítulo 8.
[165

]
File: images/bootstrap.png Graphic file (type bmp)
<images/bootstrap.png>
[166]
File: 09-Bootstrap_files/figure-latex/muestra-sim-1.pdf Graphic file (type pdf)

<use 09-Bootstrap_files/figure-latex/muestra-sim-1.pdf>
File: 09-Bootstrap_files/figure-latex/muestra-sim-aprox-1.pdf Graphic file (typ
e pdf)
<use 09-Bootstrap_files/figure-latex/muestra-sim-aprox-1.pdf>
[167]
File: 09-Bootstrap_files/figure-latex/mean-boot-perc-1.pdf Graphic file (type p
df)
<use 09-Bootstrap_files/figure-latex/mean-boot-perc-1.pdf>
File: 09-Bootstrap_files/figure-latex/mean-boot-basico-1.pdf Graphic file (type
 pdf)
<use 09-Bootstrap_files/figure-latex/mean-boot-basico-1.pdf>

LaTeX Warning: Reference `prec-sesgo' on page 168 undefined on input line 9539.


[168] [169] [170]
Overfull \hbox (20.98227pt too wide) in paragraph at lines 9672--9672
[]\TU/lmtt/m/n/10 ##  $ Species     : Factor w/ 3 levels "setosa","versicolor",
..: 1 1 1 1 1 1 1 1 1 1 ...[] 
 []


Overfull \hbox (20.98227pt too wide) in paragraph at lines 9692--9692
[]\TU/lmtt/m/n/10 ##  $ Species     : Factor w/ 3 levels "setosa","versicolor",
..: 1 3 2 1 2 3 1 1 3 2 ...[] 
 []

[171]
File: 09-Bootstrap_files/figure-latex/microorganismos-1.pdf Graphic file (type 
pdf)
<use 09-Bootstrap_files/figure-latex/microorganismos-1.pdf>

LaTeX Warning: Reference `icboot' on page 172 undefined on input line 9734.


Underfull \hbox (badness 1442) in paragraph at lines 9761--9763
[]\TU/lmr/m/n/10 Aproximar la distribución en el muestreo de $[]$ mediante la d
istribución empírica de
 []

[172]

LaTeX Warning: Reference `exm:media-dt-conocida' on page 173 undefined on input
 line 9766.


LaTeX Warning: Reference `icboot-perc-t' on page 173 undefined on input line 98
38.

[173]
File: 09-Bootstrap_files/figure-latex/unnamed-chunk-12-1.pdf Graphic file (type
 pdf)
<use 09-Bootstrap_files/figure-latex/unnamed-chunk-12-1.pdf>
[174]

LaTeX Warning: Reference `intro-implementacion' on page 175 undefined on input 
line 9952.

LaTeX Font Info:    Font shape `TU/lmtt/bx/n' in size <12> not available
(Font)              Font shape `TU/lmtt/b/n' tried instead on input line 9975.

Underfull \vbox (badness 3260) has occurred while \output is active []

[175]

LaTeX Warning: Reference `prec-sesgo' on page 176 undefined on input line 10041
.

[176]
File: 09-Bootstrap_files/figure-latex/plot-res-boot-1.pdf Graphic file (type pd
f)
<use 09-Bootstrap_files/figure-latex/plot-res-boot-1.pdf>

LaTeX Warning: Reference `icboot' on page 177 undefined on input line 10098.

[177] [178]

LaTeX Warning: Reference `intro-hpc' on page 179 undefined on input line 10229.



LaTeX Warning: Reference `bootcen' on page 179 undefined on input line 10234.


LaTeX Warning: Reference `bootdep' on page 179 undefined on input line 10234.


LaTeX Warning: Reference `intro-implementacion' on page 179 undefined on input 
line 10242.

[179]
File: 09-Bootstrap_files/figure-latex/unnamed-chunk-23-1.pdf Graphic file (type
 pdf)
<use 09-Bootstrap_files/figure-latex/unnamed-chunk-23-1.pdf>

LaTeX Warning: Reference `icboot-trans' on page 180 undefined on input line 103
14.

File: 09-Bootstrap_files/figure-latex/unnamed-chunk-24-1.pdf Graphic file (type
 pdf)
<use 09-Bootstrap_files/figure-latex/unnamed-chunk-24-1.pdf>

Underfull \vbox (badness 10000) has occurred while \output is active []

[180]
Underfull \vbox (badness 3724) has occurred while \output is active []

[181]

LaTeX Warning: Reference `contrastes-semiparametricos' on page 182 undefined on
 input line 10459.

[182]

LaTeX Warning: Reference `wild-bootstrap' on page 183 undefined on input line 1
0466.


LaTeX Warning: Reference `npreg' on page 183 undefined on input line 10476.

[183] [184]
Missing character: There is no 𝛽 in font [lmroman10-bold]:mapping=tex-text;!
Missing character: There is no 𝛽 in font [lmroman10-bold]:mapping=tex-text;!
[185] [186] [187

] [188]
Apéndice A.
[189

] [190

]
Apéndice B.
[191]
File: 22-Bondad_ajuste_Aleatoriedad_files/figure-latex/unnamed-chunk-3-1.pdf Gr
aphic file (type pdf)
<use 22-Bondad_ajuste_Aleatoriedad_files/figure-latex/unnamed-chunk-3-1.pdf>

Underfull \vbox (badness 10000) has occurred while \output is active []

[192]
File: 22-Bondad_ajuste_Aleatoriedad_files/figure-latex/hist-movie-1.pdf Graphic
 file (type pdf)
<use 22-Bondad_ajuste_Aleatoriedad_files/figure-latex/hist-movie-1.pdf>

Underfull \vbox (badness 10000) has occurred while \output is active []

[193]
File: 22-Bondad_ajuste_Aleatoriedad_files/figure-latex/ecdfplot-1.pdf Graphic f
ile (type pdf)
<use 22-Bondad_ajuste_Aleatoriedad_files/figure-latex/ecdfplot-1.pdf>
[194]
File: 22-Bondad_ajuste_Aleatoriedad_files/figure-latex/unnamed-chunk-4-1.pdf Gr
aphic file (type pdf)
<use 22-Bondad_ajuste_Aleatoriedad_files/figure-latex/unnamed-chunk-4-1.pdf>
File: 22-Bondad_ajuste_Aleatoriedad_files/figure-latex/unnamed-chunk-4-2.pdf Gr
aphic file (type pdf)
<use 22-Bondad_ajuste_Aleatoriedad_files/figure-latex/unnamed-chunk-4-2.pdf>
[195]
Overfull \hbox (3.928pt too wide) in alignment at lines 11062--11066
 [] [] [] [] [] 
 []


Overfull \hbox (3.928pt too wide) in alignment at lines 11066--11072
 [] [] [] [] [] 
 []

[196] [197]
File: 22-Bondad_ajuste_Aleatoriedad_files/figure-latex/unnamed-chunk-7-1.pdf Gr
aphic file (type pdf)
<use 22-Bondad_ajuste_Aleatoriedad_files/figure-latex/unnamed-chunk-7-1.pdf>
[198] [199] [200]
File: 22-Bondad_ajuste_Aleatoriedad_files/figure-latex/unnamed-chunk-11-1.pdf G
raphic file (type pdf)
<use 22-Bondad_ajuste_Aleatoriedad_files/figure-latex/unnamed-chunk-11-1.pdf>
[201]
File: 22-Bondad_ajuste_Aleatoriedad_files/figure-latex/grafsec-1.pdf Graphic fi
le (type pdf)
<use 22-Bondad_ajuste_Aleatoriedad_files/figure-latex/grafsec-1.pdf>
File: 22-Bondad_ajuste_Aleatoriedad_files/figure-latex/unnamed-chunk-13-1.pdf G
raphic file (type pdf)
<use 22-Bondad_ajuste_Aleatoriedad_files/figure-latex/unnamed-chunk-13-1.pdf>
[202]
File: 22-Bondad_ajuste_Aleatoriedad_files/figure-latex/unnamed-chunk-14-1.pdf G
raphic file (type pdf)
<use 22-Bondad_ajuste_Aleatoriedad_files/figure-latex/unnamed-chunk-14-1.pdf>

Underfull \vbox (badness 10000) has occurred while \output is active []

[203]
File: 22-Bondad_ajuste_Aleatoriedad_files/figure-latex/unnamed-chunk-15-1.pdf G
raphic file (type pdf)
<use 22-Bondad_ajuste_Aleatoriedad_files/figure-latex/unnamed-chunk-15-1.pdf>
[204]
File: 22-Bondad_ajuste_Aleatoriedad_files/figure-latex/dispret-1.pdf Graphic fi
le (type pdf)
<use 22-Bondad_ajuste_Aleatoriedad_files/figure-latex/dispret-1.pdf>
File: 22-Bondad_ajuste_Aleatoriedad_files/figure-latex/unnamed-chunk-18-1.pdf G
raphic file (type pdf)
<use 22-Bondad_ajuste_Aleatoriedad_files/figure-latex/unnamed-chunk-18-1.pdf>

Underfull \vbox (badness 1297) has occurred while \output is active []

[205]
File: 22-Bondad_ajuste_Aleatoriedad_files/figure-latex/unnamed-chunk-19-1.pdf G
raphic file (type pdf)
<use 22-Bondad_ajuste_Aleatoriedad_files/figure-latex/unnamed-chunk-19-1.pdf>
[206]
File: 22-Bondad_ajuste_Aleatoriedad_files/figure-latex/unnamed-chunk-20-1.pdf G
raphic file (type pdf)
<use 22-Bondad_ajuste_Aleatoriedad_files/figure-latex/unnamed-chunk-20-1.pdf>
[207] [208]
Underfull \hbox (badness 1062) in paragraph at lines 11850--11853
[]\TU/lmr/m/n/10 Empleando la discretización anterior se simplifica notablement
e el contraste chi-cuadrado de
 []

[209]
Overfull \hbox (11.2765pt too wide) in paragraph at lines 11890--11895
[]\TU/lmr/m/n/10 El contraste anterior se puede generalizar a contrastar la uni
formidad de las $[]$-uplas $[][][][] [][][] [] [] [][][]$
 []

[210] [211] [212

]
Apéndice C.
File: 23-Integracion_numerica_files/figure-latex/unnamed-chunk-2-1.pdf Graphic 
file (type pdf)
<use 23-Integracion_numerica_files/figure-latex/unnamed-chunk-2-1.pdf>

Underfull \vbox (badness 10000) has occurred while \output is active []

[213] [214] [215] [216]
File: 23-Integracion_numerica_files/figure-latex/unnamed-chunk-10-1.pdf Graphic
 file (type pdf)
<use 23-Integracion_numerica_files/figure-latex/unnamed-chunk-10-1.pdf>
[217] [218]
Apéndice D.
[219

]
File: 24-Soluciones_files/figure-latex/simpiplot-1.pdf Graphic file (type pdf)
<use 24-Soluciones_files/figure-latex/simpiplot-1.pdf>
[220]
File: 24-Soluciones_files/figure-latex/simberplot-1.pdf Graphic file (type pdf)

<use 24-Soluciones_files/figure-latex/simberplot-1.pdf>
[221]
File: 24-Soluciones_files/figure-latex/simberconv-1.pdf Graphic file (type pdf)

<use 24-Soluciones_files/figure-latex/simberconv-1.pdf>
File: images/circuito2.png Graphic file (type bmp)
<images/circuito2.png>
[222] [223] [224]
File: 24-Soluciones_files/figure-latex/unnamed-chunk-14-1.pdf Graphic file (typ
e pdf)
<use 24-Soluciones_files/figure-latex/unnamed-chunk-14-1.pdf>
File: 24-Soluciones_files/figure-latex/unnamed-chunk-15-1.pdf Graphic file (typ
e pdf)
<use 24-Soluciones_files/figure-latex/unnamed-chunk-15-1.pdf>

Underfull \vbox (badness 10000) has occurred while \output is active []

[225] [226]
File: 24-Soluciones_files/figure-latex/unnamed-chunk-17-1.pdf Graphic file (typ
e pdf)
<use 24-Soluciones_files/figure-latex/unnamed-chunk-17-1.pdf>

Underfull \vbox (badness 10000) has occurred while \output is active []

[227] [228]
File: 24-Soluciones_files/figure-latex/unnamed-chunk-19-1.pdf Graphic file (typ
e pdf)
<use 24-Soluciones_files/figure-latex/unnamed-chunk-19-1.pdf>
File: 24-Soluciones_files/figure-latex/unnamed-chunk-20-1.pdf Graphic file (typ
e pdf)
<use 24-Soluciones_files/figure-latex/unnamed-chunk-20-1.pdf>

Underfull \vbox (badness 10000) has occurred while \output is active []

[229]
No file Simulacion.bbl.
\tf@thm=\write5
\openout5 = `Simulacion.thm'.

The property list \polyglossia@langsetup contains the pairs (without outer
braces):
>  {latex/script}  =>  {latin}
>  {latex/lcscript}  =>  {latin}
>  {latex/scripttag}  =>  {}
>  {latex/language}  =>  {Latex}
>  {latex/langtag}  =>  {ENG}
>  {latex/bcp47}  =>  {}
>  {latex/hyphennames}  =>  {english}
>  {latex/direction}  =>  {LR}
>  {latex/hyphenmins}  =>  {2,3}
>  {latex/frenchspacing}  =>  {false}
>  {latex/indentfirst}  =>  {false}
>  {latex/fontsetup}  =>  {true}
>  {latex/envname}  =>  {latex}
>  {latex/babelname}  =>  {latex}
>  {latex/localnumeral}  =>  {polyglossia@C@localnumeral}
>  {latex/Localnumeral}  =>  {polyglossia@C@localnumeral}
>  {spanish/script}  =>  {latin}
>  {spanish/lcscript}  =>  {latin}
>  {spanish/scripttag}  =>  {}
>  {spanish/language}  =>  {Spanish}
>  {spanish/langtag}  =>  {ESP}
>  {spanish/bcp47}  =>  {es-ES}
>  {spanish/hyphennames}  =>  {spanish}
>  {spanish/direction}  =>  {LR}
>  {spanish/hyphenmins}  =>  {2,2}
>  {spanish/frenchspacing}  =>  {true}
>  {spanish/indentfirst}  =>  {true}
>  {spanish/fontsetup}  =>  {true}
>  {spanish/envname}  =>  {spanish}
>  {spanish/babelname}  =>  {spanish}
>  {spanish/localnumeral}  =>  {polyglossia@C@localnumeral}
>  {spanish/Localnumeral}  =>  {polyglossia@C@localnumeral}
>  {spanish/totalhyphenmin}  =>  {5}.
[230] (Simulacion.aux
LaTeX Info: Redefining \rmfamily on input line 20.
LaTeX Info: Redefining \sffamily on input line 20.
LaTeX Info: Redefining \ttfamily on input line 20.
)

LaTeX Warning: There were undefined references.

 ) 
Here is how much of TeX's memory you used:
 22113 strings out of 411303
 444792 string characters out of 2835272
 928718 words of memory out of 3000000
 42047 multiletter control sequences out of 15000+600000
 411478 words of font info for 107 fonts, out of 8000000 for 9000
 1348 hyphenation exceptions out of 8191
 87i,12n,120p,907b,636s stack positions out of 5000i,500n,10000p,200000b,80000s

Output written on Simulacion.pdf (230 pages).
